[0.909s] Invoking command in '/home/jetson/robot_ws/src/hyrian_foxy/build/hyrian_track': CMAKE_PREFIX_PATH=${CMAKE_PREFIX_PATH}:/home/jetson/robot_ws/install/hyrian_teleop:/home/jetson/robot_ws/install/hyrian_description:/opt/ros/foxy /usr/bin/cmake --build /home/jetson/robot_ws/src/hyrian_foxy/build/hyrian_track -- -j4 -l4
[1.112s] [35m[1mScanning dependencies of target hyrian_track[0m
[1.311s] [ 50%] [32mBuilding CXX object CMakeFiles/hyrian_track.dir/src/topic_sub_node.cpp.o[0m
[20.322s] [01m[K/home/jetson/robot_ws/src/hyrian_foxy/hyrian_track/src/topic_sub_node.cpp:[m[K In member function â€˜[01m[Kvoid TopicSubscriber::pcl_callback(sensor_msgs::msg::PointCloud2_<std::allocator<void> >::SharedPtr)[m[Kâ€™:
[20.323s] [01m[K/home/jetson/robot_ws/src/hyrian_foxy/hyrian_track/src/topic_sub_node.cpp:95:17:[m[K [01;35m[Kwarning: [m[Kunused variable â€˜[01m[Know_distance[m[Kâ€™ [[01;35m[K-Wunused-variable[m[K]
[20.323s]            float [01;35m[Know_distance[m[K = z;
[20.324s]                  [01;35m[K^~~~~~~~~~~~[m[K
[20.324s] [01m[K/home/jetson/robot_ws/src/hyrian_foxy/hyrian_track/src/topic_sub_node.cpp:98:24:[m[K [01;31m[Kerror: [m[Kâ€˜[01m[Know_distance[m[Kâ€™ was not declared in this scope
[20.325s]        this->distance = [01;31m[Know_distance[m[K;
[20.325s]                         [01;31m[K^~~~~~~~~~~~[m[K
[20.343s] [01m[K/home/jetson/robot_ws/src/hyrian_foxy/hyrian_track/src/topic_sub_node.cpp:98:24:[m[K [01;36m[Knote: [m[Ksuggested alternative: â€˜[01m[Kmin_distance[m[Kâ€™
[20.343s]        this->distance = [01;36m[Know_distance[m[K;
[20.343s]                         [01;36m[K^~~~~~~~~~~~[m[K
[20.344s]                         [32m[Kmin_distance[m[K
[29.457s] make[2]: *** [CMakeFiles/hyrian_track.dir/build.make:63: CMakeFiles/hyrian_track.dir/src/topic_sub_node.cpp.o] Error 1
[29.458s] make[1]: *** [CMakeFiles/Makefile2:78: CMakeFiles/hyrian_track.dir/all] Error 2
[29.459s] make: *** [Makefile:141: all] Error 2
[29.465s] Invoked command in '/home/jetson/robot_ws/src/hyrian_foxy/build/hyrian_track' returned '2': CMAKE_PREFIX_PATH=${CMAKE_PREFIX_PATH}:/home/jetson/robot_ws/install/hyrian_teleop:/home/jetson/robot_ws/install/hyrian_description:/opt/ros/foxy /usr/bin/cmake --build /home/jetson/robot_ws/src/hyrian_foxy/build/hyrian_track -- -j4 -l4
