-- The C compiler identification is GNU 8.4.0
-- The CXX compiler identification is GNU 8.4.0
-- Check for working C compiler: /usr/bin/cc
-- Check for working C compiler: /usr/bin/cc -- works
-- Detecting C compiler ABI info
-- Detecting C compiler ABI info - done
-- Detecting C compile features
-- Detecting C compile features - done
-- Check for working CXX compiler: /usr/bin/c++
-- Check for working CXX compiler: /usr/bin/c++ -- works
-- Detecting CXX compiler ABI info
-- Detecting CXX compiler ABI info - done
-- Detecting CXX compile features
-- Detecting CXX compile features - done
-- Found ament_cmake: 0.9.12 (/opt/ros/foxy/share/ament_cmake/cmake)
-- Found PythonInterp: /usr/bin/python3 (found suitable version "3.8.10", minimum required is "3") 
-- Using PYTHON_EXECUTABLE: /usr/bin/python3
-- Found rclcpp: 2.4.3 (/opt/ros/foxy/share/rclcpp/cmake)
-- Using all available rosidl_typesupport_c: rosidl_typesupport_fastrtps_c;rosidl_typesupport_introspection_c
-- Found rosidl_adapter: 1.3.1 (/opt/ros/foxy/share/rosidl_adapter/cmake)
-- Found OpenSSL: /usr/lib/aarch64-linux-gnu/libcrypto.so (found version "1.1.1f")  
-- Found FastRTPS: /opt/ros/foxy/include  
-- Using all available rosidl_typesupport_cpp: rosidl_typesupport_fastrtps_cpp;rosidl_typesupport_introspection_cpp
-- Found rmw_implementation_cmake: 1.0.4 (/opt/ros/foxy/share/rmw_implementation_cmake/cmake)
-- Using RMW implementation 'rmw_fastrtps_cpp' as default
-- Looking for pthread.h
-- Looking for pthread.h - found
-- Performing Test CMAKE_HAVE_LIBC_PTHREAD
-- Performing Test CMAKE_HAVE_LIBC_PTHREAD - Failed
-- Looking for pthread_create in pthreads
-- Looking for pthread_create in pthreads - not found
-- Looking for pthread_create in pthread
-- Looking for pthread_create in pthread - found
-- Found Threads: TRUE  
-- Found darknet_ros_msgs: 1.1.5 (/home/jetson/robot_ws/install/darknet_ros_msgs/share/darknet_ros_msgs/cmake)
-- Found pcl_conversions: 2.2.1 (/opt/ros/foxy/share/pcl_conversions/cmake)
-- Found pcl_ros: 2.2.1 (/opt/ros/foxy/share/pcl_ros/cmake)
-- Found eigen3_cmake_module: 0.1.1 (/opt/ros/foxy/share/eigen3_cmake_module/cmake)
-- Found Eigen3: TRUE (found version "3.3.7") 
-- Checking for module 'eigen3'
--   Found eigen3, version 3.3.7
-- Found Eigen: /usr/include/eigen3 (Required is at least version "3.1") 
-- Eigen found (include: /usr/include/eigen3, version: 3.3.7)
-- Checking for module 'flann'
--   Found flann, version 1.9.1
-- Found FLANN: /usr/lib/aarch64-linux-gnu/libflann_cpp.so  
-- The imported target "vtkParseOGLExt" references the file
   "/usr/bin/vtkParseOGLExt-7.1"
but this file does not exist.  Possible reasons include:
* The file was deleted, renamed, or moved to another location.
* An install or uninstall procedure did not complete successfully.
* The installation package was faulty and contained
   "/usr/lib/cmake/vtk-7.1/VTKTargets.cmake"
but not all the files it references.

-- The imported target "vtkRenderingPythonTkWidgets" references the file
   "/usr/lib/aarch64-linux-gnu/libvtkRenderingPythonTkWidgets.so"
but this file does not exist.  Possible reasons include:
* The file was deleted, renamed, or moved to another location.
* An install or uninstall procedure did not complete successfully.
* The installation package was faulty and contained
   "/usr/lib/cmake/vtk-7.1/VTKTargets.cmake"
but not all the files it references.

-- The imported target "vtk" references the file
   "/usr/bin/vtk"
but this file does not exist.  Possible reasons include:
* The file was deleted, renamed, or moved to another location.
* An install or uninstall procedure did not complete successfully.
* The installation package was faulty and contained
   "/usr/lib/cmake/vtk-7.1/VTKTargets.cmake"
but not all the files it references.

-- The imported target "pvtk" references the file
   "/usr/bin/pvtk"
but this file does not exist.  Possible reasons include:
* The file was deleted, renamed, or moved to another location.
* An install or uninstall procedure did not complete successfully.
* The installation package was faulty and contained
   "/usr/lib/cmake/vtk-7.1/VTKTargets.cmake"
but not all the files it references.

-- Checking for module 'libusb-1.0'
--   Found libusb-1.0, version 1.0.23
-- Found USB_10: /usr/lib/aarch64-linux-gnu/libusb-1.0.so  
-- OpenNI found (include: /usr/include/ni, lib: /usr/lib/libOpenNI.so)
-- OpenNI2 found (include: /home/jetson/robot_ws/install/astra_camera/include/openni2, lib: /home/jetson/robot_ws/install/astra_camera/lib/libOpenNI2.so)
-- Found libusb-1.0: /usr/include  
-- OpenNI found (include: /usr/include/ni, lib: /usr/lib/libOpenNI.so)
-- OpenNI2 found (include: /home/jetson/robot_ws/install/astra_camera/include/openni2, lib: /home/jetson/robot_ws/install/astra_camera/lib/libOpenNI2.so)
-- Found Qhull: optimized;/usr/lib/aarch64-linux-gnu/libqhull.so;debug;/usr/lib/aarch64-linux-gnu/libqhull.so  
-- QHULL found (include: /usr/include, lib: optimized;/usr/lib/aarch64-linux-gnu/libqhull.so;debug;/usr/lib/aarch64-linux-gnu/libqhull.so)
-- OpenNI found (include: /usr/include/ni, lib: /usr/lib/libOpenNI.so)
-- Found PCL_COMMON: /usr/lib/aarch64-linux-gnu/libpcl_common.so  
-- Found PCL_KDTREE: /usr/lib/aarch64-linux-gnu/libpcl_kdtree.so  
-- Found PCL_OCTREE: /usr/lib/aarch64-linux-gnu/libpcl_octree.so  
-- Found PCL_SEARCH: /usr/lib/aarch64-linux-gnu/libpcl_search.so  
-- Found PCL_SAMPLE_CONSENSUS: /usr/lib/aarch64-linux-gnu/libpcl_sample_consensus.so  
-- Found PCL_FILTERS: /usr/lib/aarch64-linux-gnu/libpcl_filters.so  
-- Found PCL_2D: /usr/include/pcl-1.10  
-- Found PCL_GEOMETRY: /usr/include/pcl-1.10  
-- Found PCL_IO: /usr/lib/aarch64-linux-gnu/libpcl_io.so  
-- Found PCL_FEATURES: /usr/lib/aarch64-linux-gnu/libpcl_features.so  
-- Found PCL_ML: /usr/lib/aarch64-linux-gnu/libpcl_ml.so  
-- Found PCL_SEGMENTATION: /usr/lib/aarch64-linux-gnu/libpcl_segmentation.so  
-- Found PCL_VISUALIZATION: /usr/lib/aarch64-linux-gnu/libpcl_visualization.so  
-- Found PCL_SURFACE: /usr/lib/aarch64-linux-gnu/libpcl_surface.so  
-- Found PCL_REGISTRATION: /usr/lib/aarch64-linux-gnu/libpcl_registration.so  
-- Found PCL_KEYPOINTS: /usr/lib/aarch64-linux-gnu/libpcl_keypoints.so  
-- Found PCL_TRACKING: /usr/lib/aarch64-linux-gnu/libpcl_tracking.so  
-- Found PCL_RECOGNITION: /usr/lib/aarch64-linux-gnu/libpcl_recognition.so  
-- Found PCL_STEREO: /usr/lib/aarch64-linux-gnu/libpcl_stereo.so  
-- Found PCL_APPS: /usr/lib/aarch64-linux-gnu/libpcl_apps.so  
-- Found PCL_IN_HAND_SCANNER: /usr/include/pcl-1.10  
-- Found PCL_POINT_CLOUD_EDITOR: /usr/include/pcl-1.10  
-- Found PCL_OUTOFCORE: /usr/lib/aarch64-linux-gnu/libpcl_outofcore.so  
-- Found PCL_PEOPLE: /usr/lib/aarch64-linux-gnu/libpcl_people.so  
CMake Warning (dev) at CMakeLists.txt:25 (find_package):
  Policy CMP0074 is not set: find_package uses <PackageName>_ROOT variables.
  Run "cmake --help-policy CMP0074" for policy details.  Use the cmake_policy
  command to set the policy and suppress this warning.

  CMake variable PCL_ROOT is set to:

    /usr

  For compatibility, CMake is ignoring the variable.
This warning is for project developers.  Use -Wno-dev to suppress it.

-- Found ament_lint_auto: 0.9.8 (/opt/ros/foxy/share/ament_lint_auto/cmake)
-- Added test 'copyright' to check source files copyright and LICENSE
-- Added test 'cppcheck' to perform static code analysis on C / C++ code
-- Configured cppcheck include dirs: 
-- Configured cppcheck exclude dirs and/or files: 
-- Added test 'cpplint' to check C / C++ code against the Google style
-- Configured cpplint exclude dirs and/or files: 
-- Added test 'lint_cmake' to check CMake code style
-- Added test 'uncrustify' to check C / C++ code style
-- Configured uncrustify additional arguments: 
-- Added test 'xmllint' to check XML markup files
-- Configuring done
-- Generating done
-- Build files have been written to: /home/jetson/robot_ws/src/hyrian_foxy/build/hyrian_track
[35m[1mScanning dependencies of target hyrian_track[0m
[ 50%] [32mBuilding CXX object CMakeFiles/hyrian_track.dir/src/topic_sub_node.cpp.o[0m
[01m[K/home/jetson/robot_ws/src/hyrian_foxy/hyrian_track/src/topic_sub_node.cpp:102:4:[m[K [01;31m[Kerror: [m[Kexpected â€˜[01m[K;[m[Kâ€™ after class definition
   }
    [01;31m[K^[m[K
    [32m[K;[m[K
[01m[K/home/jetson/robot_ws/src/hyrian_foxy/hyrian_track/src/topic_sub_node.cpp:[m[K In constructor â€˜[01m[KTopicSubscriber::TopicSubscriber()[m[Kâ€™:
[01m[K/home/jetson/robot_ws/src/hyrian_foxy/hyrian_track/src/topic_sub_node.cpp:18:5:[m[K [01;31m[Kerror: [m[Kâ€˜[01m[Ksubscription_boxes_[m[Kâ€™ was not declared in this scope
     [01;31m[Ksubscription_boxes_[m[K = this->create_subscription<darknet_ros_msgs::msg::BoundingBoxes>(
     [01;31m[K^~~~~~~~~~~~~~~~~~~[m[K
[01m[K/home/jetson/robot_ws/src/hyrian_foxy/hyrian_track/src/topic_sub_node.cpp:18:5:[m[K [01;36m[Knote: [m[Ksuggested alternative: â€˜[01m[Krcl_subscription_fini[m[Kâ€™
     [01;36m[Ksubscription_boxes_[m[K = this->create_subscription<darknet_ros_msgs::msg::BoundingBoxes>(
     [01;36m[K^~~~~~~~~~~~~~~~~~~[m[K
     [32m[Krcl_subscription_fini[m[K
[01m[K/home/jetson/robot_ws/src/hyrian_foxy/hyrian_track/src/topic_sub_node.cpp:20:5:[m[K [01;31m[Kerror: [m[Kâ€˜[01m[Ksubscription_pcl_[m[Kâ€™ was not declared in this scope
     [01;31m[Ksubscription_pcl_[m[K = this->create_subscription<sensor_msgs::msg::PointCloud2>(
     [01;31m[K^~~~~~~~~~~~~~~~~[m[K
[01m[K/home/jetson/robot_ws/src/hyrian_foxy/hyrian_track/src/topic_sub_node.cpp:20:5:[m[K [01;36m[Knote: [m[Ksuggested alternative: â€˜[01m[Krcl_subscription_fini[m[Kâ€™
     [01;36m[Ksubscription_pcl_[m[K = this->create_subscription<sensor_msgs::msg::PointCloud2>(
     [01;36m[K^~~~~~~~~~~~~~~~~[m[K
     [32m[Krcl_subscription_fini[m[K
[01m[K/home/jetson/robot_ws/src/hyrian_foxy/hyrian_track/src/topic_sub_node.cpp:28:5:[m[K [01;31m[Kerror: [m[Kâ€˜[01m[Kpublisher_person_[m[Kâ€™ was not declared in this scope
     [01;31m[Kpublisher_person_[m[K = this->create_publisher<std_msgs::msg::String>("person", 10);
     [01;31m[K^~~~~~~~~~~~~~~~~[m[K
[01m[K/home/jetson/robot_ws/src/hyrian_foxy/hyrian_track/src/topic_sub_node.cpp:29:5:[m[K [01;31m[Kerror: [m[Kâ€˜[01m[Kpublisher_stop_[m[Kâ€™ was not declared in this scope
     [01;31m[Kpublisher_stop_[m[K = this->create_publisher<std_msgs::msg::String>("stop", 10);
     [01;31m[K^~~~~~~~~~~~~~~[m[K
[01m[K/home/jetson/robot_ws/src/hyrian_foxy/hyrian_track/src/topic_sub_node.cpp:30:5:[m[K [01;31m[Kerror: [m[Kâ€˜[01m[Kpublisher_cmd_vel_[m[Kâ€™ was not declared in this scope
     [01;31m[Kpublisher_cmd_vel_[m[K = this->create_publisher<geometry_msgs::msg::Twist>("cmd_vel", 10);
     [01;31m[K^~~~~~~~~~~~~~~~~~[m[K
[01m[K/home/jetson/robot_ws/src/hyrian_foxy/hyrian_track/src/topic_sub_node.cpp:30:5:[m[K [01;36m[Knote: [m[Ksuggested alternative: â€˜[01m[Krcl_publisher_is_valid[m[Kâ€™
     [01;36m[Kpublisher_cmd_vel_[m[K = this->create_publisher<geometry_msgs::msg::Twist>("cmd_vel", 10);
     [01;36m[K^~~~~~~~~~~~~~~~~~[m[K
     [32m[Krcl_publisher_is_valid[m[K
[01m[K/home/jetson/robot_ws/src/hyrian_foxy/hyrian_track/src/topic_sub_node.cpp:[m[K In member function â€˜[01m[Kvoid TopicSubscriber::boxes_callback(darknet_ros_msgs::msg::BoundingBoxes_<std::allocator<void> >::SharedPtr)[m[Kâ€™:
[01m[K/home/jetson/robot_ws/src/hyrian_foxy/hyrian_track/src/topic_sub_node.cpp:64:58:[m[K [01;31m[Kerror: [m[Kâ€˜[01m[Khuman_tracking[m[Kâ€™ is not a member of â€˜[01m[KTopicSubscriber[m[Kâ€™
         std::async(std::launch::async, &TopicSubscriber::[01;31m[Khuman_tracking[m[K, this);
                                                          [01;31m[K^~~~~~~~~~~~~~[m[K
[01m[K/home/jetson/robot_ws/src/hyrian_foxy/hyrian_track/src/topic_sub_node.cpp:[m[K In function â€˜[01m[Kvoid human_tracking()[m[Kâ€™:
[01m[K/home/jetson/robot_ws/src/hyrian_foxy/hyrian_track/src/topic_sub_node.cpp:106:12:[m[K [01;31m[Kerror: [m[Kinvalid use of â€˜[01m[Kthis[m[Kâ€™ in non-member function
       if (![01;31m[Kthis[m[K->is_person_detected_) // ì‚¬ëžŒì´ ê°ì§€ë˜ì§€ ì•Šìœ¼ë©´ ë¡œë´‡ì„ ë©ˆì¶¥ë‹ˆë‹¤.
            [01;31m[K^~~~[m[K
In file included from [01m[K/opt/ros/foxy/include/rclcpp/service.hpp:34[m[K,
                 from [01m[K/opt/ros/foxy/include/rclcpp/callback_group.hpp:25[m[K,
                 from [01m[K/opt/ros/foxy/include/rclcpp/any_executable.hpp:20[m[K,
                 from [01m[K/opt/ros/foxy/include/rclcpp/memory_strategy.hpp:24[m[K,
                 from [01m[K/opt/ros/foxy/include/rclcpp/memory_strategies.hpp:18[m[K,
                 from [01m[K/opt/ros/foxy/include/rclcpp/executor_options.hpp:20[m[K,
                 from [01m[K/opt/ros/foxy/include/rclcpp/executor.hpp:33[m[K,
                 from [01m[K/opt/ros/foxy/include/rclcpp/executors/multi_threaded_executor.hpp:26[m[K,
                 from [01m[K/opt/ros/foxy/include/rclcpp/executors.hpp:21[m[K,
                 from [01m[K/opt/ros/foxy/include/rclcpp/rclcpp.hpp:146[m[K,
                 from [01m[K/home/jetson/robot_ws/src/hyrian_foxy/hyrian_track/src/topic_sub_node.cpp:1[m[K:
[01m[K/home/jetson/robot_ws/src/hyrian_foxy/hyrian_track/src/topic_sub_node.cpp:108:21:[m[K [01;31m[Kerror: [m[Kinvalid use of â€˜[01m[Kthis[m[Kâ€™ in non-member function
         RCLCPP_INFO([01;31m[Kthis[m[K->get_logger(), "not start");
                     [01;31m[K^~~~[m[K
[01m[K/home/jetson/robot_ws/src/hyrian_foxy/hyrian_track/src/topic_sub_node.cpp:108:21:[m[K [01;31m[Kerror: [m[Kinvalid use of â€˜[01m[Kthis[m[Kâ€™ in non-member function
[01m[K/home/jetson/robot_ws/src/hyrian_foxy/hyrian_track/src/topic_sub_node.cpp:108:9:[m[K [01;31m[Kerror: [m[Ktemplate argument 1 is invalid
         [01;31m[KRCLCPP_INFO[m[K(this->get_logger(), "not start");
         [01;31m[K^~~~~~~~~~~[m[K
[01m[K/home/jetson/robot_ws/src/hyrian_foxy/hyrian_track/src/topic_sub_node.cpp:108:9:[m[K [01;31m[Kerror: [m[Ktemplate argument 1 is invalid
         [01;31m[KRCLCPP_INFO[m[K(this->get_logger(), "not start");
         [01;31m[K^~~~~~~~~~~[m[K
[01m[K/home/jetson/robot_ws/src/hyrian_foxy/hyrian_track/src/topic_sub_node.cpp:108:9:[m[K [01;31m[Kerror: [m[Ktemplate argument 1 is invalid
         [01;31m[KRCLCPP_INFO[m[K(this->get_logger(), "not start");
         [01;31m[K^~~~~~~~~~~[m[K
In file included from [01m[K/opt/ros/foxy/include/rclcpp/client.hpp:40[m[K,
                 from [01m[K/opt/ros/foxy/include/rclcpp/callback_group.hpp:23[m[K,
                 from [01m[K/opt/ros/foxy/include/rclcpp/any_executable.hpp:20[m[K,
                 from [01m[K/opt/ros/foxy/include/rclcpp/memory_strategy.hpp:24[m[K,
                 from [01m[K/opt/ros/foxy/include/rclcpp/memory_strategies.hpp:18[m[K,
                 from [01m[K/opt/ros/foxy/include/rclcpp/executor_options.hpp:20[m[K,
                 from [01m[K/opt/ros/foxy/include/rclcpp/executor.hpp:33[m[K,
                 from [01m[K/opt/ros/foxy/include/rclcpp/executors/multi_threaded_executor.hpp:26[m[K,
                 from [01m[K/opt/ros/foxy/include/rclcpp/executors.hpp:21[m[K,
                 from [01m[K/opt/ros/foxy/include/rclcpp/rclcpp.hpp:146[m[K,
                 from [01m[K/home/jetson/robot_ws/src/hyrian_foxy/hyrian_track/src/topic_sub_node.cpp:1[m[K:
[01m[K/home/jetson/robot_ws/src/hyrian_foxy/hyrian_track/src/topic_sub_node.cpp:108:21:[m[K [01;31m[Kerror: [m[Kinvalid use of â€˜[01m[Kthis[m[Kâ€™ in non-member function
         RCLCPP_INFO([01;31m[Kthis[m[K->get_logger(), "not start");
                     [01;31m[K^~~~[m[K
[01m[K/home/jetson/robot_ws/src/hyrian_foxy/hyrian_track/src/topic_sub_node.cpp:108:21:[m[K [01;31m[Kerror: [m[Kinvalid use of â€˜[01m[Kthis[m[Kâ€™ in non-member function
         RCLCPP_INFO([01;31m[Kthis[m[K->get_logger(), "not start");
                     [01;31m[K^~~~[m[K
[01m[K/home/jetson/robot_ws/src/hyrian_foxy/hyrian_track/src/topic_sub_node.cpp:110:9:[m[K [01;31m[Kerror: [m[Kâ€˜[01m[Kstop_robot[m[Kâ€™ was not declared in this scope
         [01;31m[Kstop_robot[m[K();
         [01;31m[K^~~~~~~~~~[m[K
[01m[K/home/jetson/robot_ws/src/hyrian_foxy/hyrian_track/src/topic_sub_node.cpp:114:11:[m[K [01;31m[Kerror: [m[Kinvalid use of â€˜[01m[Kthis[m[Kâ€™ in non-member function
       if ([01;31m[Kthis[m[K->distance <= 0.5) // ì‚¬ëžŒê³¼ì˜ ê±°ë¦¬ê°€ 0.7 ì´í•˜ë©´ ë¡œë´‡ì„ ë©ˆì¶¥ë‹ˆë‹¤.
           [01;31m[K^~~~[m[K
In file included from [01m[K/opt/ros/foxy/include/rclcpp/service.hpp:34[m[K,
                 from [01m[K/opt/ros/foxy/include/rclcpp/callback_group.hpp:25[m[K,
                 from [01m[K/opt/ros/foxy/include/rclcpp/any_executable.hpp:20[m[K,
                 from [01m[K/opt/ros/foxy/include/rclcpp/memory_strategy.hpp:24[m[K,
                 from [01m[K/opt/ros/foxy/include/rclcpp/memory_strategies.hpp:18[m[K,
                 from [01m[K/opt/ros/foxy/include/rclcpp/executor_options.hpp:20[m[K,
                 from [01m[K/opt/ros/foxy/include/rclcpp/executor.hpp:33[m[K,
                 from [01m[K/opt/ros/foxy/include/rclcpp/executors/multi_threaded_executor.hpp:26[m[K,
                 from [01m[K/opt/ros/foxy/include/rclcpp/executors.hpp:21[m[K,
                 from [01m[K/opt/ros/foxy/include/rclcpp/rclcpp.hpp:146[m[K,
                 from [01m[K/home/jetson/robot_ws/src/hyrian_foxy/hyrian_track/src/topic_sub_node.cpp:1[m[K:
[01m[K/home/jetson/robot_ws/src/hyrian_foxy/hyrian_track/src/topic_sub_node.cpp:116:21:[m[K [01;31m[Kerror: [m[Kinvalid use of â€˜[01m[Kthis[m[Kâ€™ in non-member function
         RCLCPP_INFO([01;31m[Kthis[m[K->get_logger(), "too close");
                     [01;31m[K^~~~[m[K
[01m[K/home/jetson/robot_ws/src/hyrian_foxy/hyrian_track/src/topic_sub_node.cpp:116:21:[m[K [01;31m[Kerror: [m[Kinvalid use of â€˜[01m[Kthis[m[Kâ€™ in non-member function
[01m[K/home/jetson/robot_ws/src/hyrian_foxy/hyrian_track/src/topic_sub_node.cpp:116:9:[m[K [01;31m[Kerror: [m[Ktemplate argument 1 is invalid
         [01;31m[KRCLCPP_INFO[m[K(this->get_logger(), "too close");
         [01;31m[K^~~~~~~~~~~[m[K
[01m[K/home/jetson/robot_ws/src/hyrian_foxy/hyrian_track/src/topic_sub_node.cpp:116:9:[m[K [01;31m[Kerror: [m[Ktemplate argument 1 is invalid
         [01;31m[KRCLCPP_INFO[m[K(this->get_logger(), "too close");
         [01;31m[K^~~~~~~~~~~[m[K
[01m[K/home/jetson/robot_ws/src/hyrian_foxy/hyrian_track/src/topic_sub_node.cpp:116:9:[m[K [01;31m[Kerror: [m[Ktemplate argument 1 is invalid
         [01;31m[KRCLCPP_INFO[m[K(this->get_logger(), "too close");
         [01;31m[K^~~~~~~~~~~[m[K
In file included from [01m[K/opt/ros/foxy/include/rclcpp/client.hpp:40[m[K,
                 from [01m[K/opt/ros/foxy/include/rclcpp/callback_group.hpp:23[m[K,
                 from [01m[K/opt/ros/foxy/include/rclcpp/any_executable.hpp:20[m[K,
                 from [01m[K/opt/ros/foxy/include/rclcpp/memory_strategy.hpp:24[m[K,
                 from [01m[K/opt/ros/foxy/include/rclcpp/memory_strategies.hpp:18[m[K,
                 from [01m[K/opt/ros/foxy/include/rclcpp/executor_options.hpp:20[m[K,
                 from [01m[K/opt/ros/foxy/include/rclcpp/executor.hpp:33[m[K,
                 from [01m[K/opt/ros/foxy/include/rclcpp/executors/multi_threaded_executor.hpp:26[m[K,
                 from [01m[K/opt/ros/foxy/include/rclcpp/executors.hpp:21[m[K,
                 from [01m[K/opt/ros/foxy/include/rclcpp/rclcpp.hpp:146[m[K,
                 from [01m[K/home/jetson/robot_ws/src/hyrian_foxy/hyrian_track/src/topic_sub_node.cpp:1[m[K:
[01m[K/home/jetson/robot_ws/src/hyrian_foxy/hyrian_track/src/topic_sub_node.cpp:116:21:[m[K [01;31m[Kerror: [m[Kinvalid use of â€˜[01m[Kthis[m[Kâ€™ in non-member function
         RCLCPP_INFO([01;31m[Kthis[m[K->get_logger(), "too close");
                     [01;31m[K^~~~[m[K
[01m[K/home/jetson/robot_ws/src/hyrian_foxy/hyrian_track/src/topic_sub_node.cpp:116:21:[m[K [01;31m[Kerror: [m[Kinvalid use of â€˜[01m[Kthis[m[Kâ€™ in non-member function
         RCLCPP_INFO([01;31m[Kthis[m[K->get_logger(), "too close");
                     [01;31m[K^~~~[m[K
[01m[K/home/jetson/robot_ws/src/hyrian_foxy/hyrian_track/src/topic_sub_node.cpp:118:9:[m[K [01;31m[Kerror: [m[Kâ€˜[01m[Kstop_robot[m[Kâ€™ was not declared in this scope
         [01;31m[Kstop_robot[m[K();
         [01;31m[K^~~~~~~~~~[m[K
In file included from [01m[K/opt/ros/foxy/include/rclcpp/service.hpp:34[m[K,
                 from [01m[K/opt/ros/foxy/include/rclcpp/callback_group.hpp:25[m[K,
                 from [01m[K/opt/ros/foxy/include/rclcpp/any_executable.hpp:20[m[K,
                 from [01m[K/opt/ros/foxy/include/rclcpp/memory_strategy.hpp:24[m[K,
                 from [01m[K/opt/ros/foxy/include/rclcpp/memory_strategies.hpp:18[m[K,
                 from [01m[K/opt/ros/foxy/include/rclcpp/executor_options.hpp:20[m[K,
                 from [01m[K/opt/ros/foxy/include/rclcpp/executor.hpp:33[m[K,
                 from [01m[K/opt/ros/foxy/include/rclcpp/executors/multi_threaded_executor.hpp:26[m[K,
                 from [01m[K/opt/ros/foxy/include/rclcpp/executors.hpp:21[m[K,
                 from [01m[K/opt/ros/foxy/include/rclcpp/rclcpp.hpp:146[m[K,
                 from [01m[K/home/jetson/robot_ws/src/hyrian_foxy/hyrian_track/src/topic_sub_node.cpp:1[m[K:
[01m[K/home/jetson/robot_ws/src/hyrian_foxy/hyrian_track/src/topic_sub_node.cpp:122:21:[m[K [01;31m[Kerror: [m[Kinvalid use of â€˜[01m[Kthis[m[Kâ€™ in non-member function
         RCLCPP_INFO([01;31m[Kthis[m[K->get_logger(), "move");
                     [01;31m[K^~~~[m[K
[01m[K/home/jetson/robot_ws/src/hyrian_foxy/hyrian_track/src/topic_sub_node.cpp:122:21:[m[K [01;31m[Kerror: [m[Kinvalid use of â€˜[01m[Kthis[m[Kâ€™ in non-member function
[01m[K/home/jetson/robot_ws/src/hyrian_foxy/hyrian_track/src/topic_sub_node.cpp:122:9:[m[K [01;31m[Kerror: [m[Ktemplate argument 1 is invalid
         [01;31m[KRCLCPP_INFO[m[K(this->get_logger(), "move");
         [01;31m[K^~~~~~~~~~~[m[K
[01m[K/home/jetson/robot_ws/src/hyrian_foxy/hyrian_track/src/topic_sub_node.cpp:122:9:[m[K [01;31m[Kerror: [m[Ktemplate argument 1 is invalid
         [01;31m[KRCLCPP_INFO[m[K(this->get_logger(), "move");
         [01;31m[K^~~~~~~~~~~[m[K
[01m[K/home/jetson/robot_ws/src/hyrian_foxy/hyrian_track/src/topic_sub_node.cpp:122:9:[m[K [01;31m[Kerror: [m[Ktemplate argument 1 is invalid
         [01;31m[KRCLCPP_INFO[m[K(this->get_logger(), "move");
         [01;31m[K^~~~~~~~~~~[m[K
In file included from [01m[K/opt/ros/foxy/include/rclcpp/client.hpp:40[m[K,
                 from [01m[K/opt/ros/foxy/include/rclcpp/callback_group.hpp:23[m[K,
                 from [01m[K/opt/ros/foxy/include/rclcpp/any_executable.hpp:20[m[K,
                 from [01m[K/opt/ros/foxy/include/rclcpp/memory_strategy.hpp:24[m[K,
                 from [01m[K/opt/ros/foxy/include/rclcpp/memory_strategies.hpp:18[m[K,
                 from [01m[K/opt/ros/foxy/include/rclcpp/executor_options.hpp:20[m[K,
                 from [01m[K/opt/ros/foxy/include/rclcpp/executor.hpp:33[m[K,
                 from [01m[K/opt/ros/foxy/include/rclcpp/executors/multi_threaded_executor.hpp:26[m[K,
                 from [01m[K/opt/ros/foxy/include/rclcpp/executors.hpp:21[m[K,
                 from [01m[K/opt/ros/foxy/include/rclcpp/rclcpp.hpp:146[m[K,
                 from [01m[K/home/jetson/robot_ws/src/hyrian_foxy/hyrian_track/src/topic_sub_node.cpp:1[m[K:
[01m[K/home/jetson/robot_ws/src/hyrian_foxy/hyrian_track/src/topic_sub_node.cpp:122:21:[m[K [01;31m[Kerror: [m[Kinvalid use of â€˜[01m[Kthis[m[Kâ€™ in non-member function
         RCLCPP_INFO([01;31m[Kthis[m[K->get_logger(), "move");
                     [01;31m[K^~~~[m[K
[01m[K/home/jetson/robot_ws/src/hyrian_foxy/hyrian_track/src/topic_sub_node.cpp:122:21:[m[K [01;31m[Kerror: [m[Kinvalid use of â€˜[01m[Kthis[m[Kâ€™ in non-member function
         RCLCPP_INFO([01;31m[Kthis[m[K->get_logger(), "move");
                     [01;31m[K^~~~[m[K
[01m[K/home/jetson/robot_ws/src/hyrian_foxy/hyrian_track/src/topic_sub_node.cpp:127:50:[m[K [01;31m[Kerror: [m[Kinvalid use of â€˜[01m[Kthis[m[Kâ€™ in non-member function
         cmd_vel_msg.angular.z = -tracking_gain * [01;31m[Kthis[m[K->error_x;
                                                  [01;31m[K^~~~[m[K
[01m[K/home/jetson/robot_ws/src/hyrian_foxy/hyrian_track/src/topic_sub_node.cpp:128:9:[m[K [01;31m[Kerror: [m[Kâ€˜[01m[Kpublisher_cmd_vel_[m[Kâ€™ was not declared in this scope
         [01;31m[Kpublisher_cmd_vel_[m[K->publish(cmd_vel_msg);
         [01;31m[K^~~~~~~~~~~~~~~~~~[m[K
[01m[K/home/jetson/robot_ws/src/hyrian_foxy/hyrian_track/src/topic_sub_node.cpp:128:9:[m[K [01;36m[Knote: [m[Ksuggested alternative: â€˜[01m[Krcl_publisher_is_valid[m[Kâ€™
         [01;36m[Kpublisher_cmd_vel_[m[K->publish(cmd_vel_msg);
         [01;36m[K^~~~~~~~~~~~~~~~~~[m[K
         [32m[Krcl_publisher_is_valid[m[K
[01m[K/home/jetson/robot_ws/src/hyrian_foxy/hyrian_track/src/topic_sub_node.cpp:[m[K In function â€˜[01m[Kvoid control_robot(float)[m[Kâ€™:
[01m[K/home/jetson/robot_ws/src/hyrian_foxy/hyrian_track/src/topic_sub_node.cpp:142:7:[m[K [01;31m[Kerror: [m[Kâ€˜[01m[Kpublisher_cmd_vel_[m[Kâ€™ was not declared in this scope
       [01;31m[Kpublisher_cmd_vel_[m[K->publish(cmd_vel_msg);
       [01;31m[K^~~~~~~~~~~~~~~~~~[m[K
[01m[K/home/jetson/robot_ws/src/hyrian_foxy/hyrian_track/src/topic_sub_node.cpp:142:7:[m[K [01;36m[Knote: [m[Ksuggested alternative: â€˜[01m[Krcl_publisher_is_valid[m[Kâ€™
       [01;36m[Kpublisher_cmd_vel_[m[K->publish(cmd_vel_msg);
       [01;36m[K^~~~~~~~~~~~~~~~~~[m[K
       [32m[Krcl_publisher_is_valid[m[K
[01m[K/home/jetson/robot_ws/src/hyrian_foxy/hyrian_track/src/topic_sub_node.cpp:[m[K In function â€˜[01m[Kvoid stop_robot()[m[Kâ€™:
[01m[K/home/jetson/robot_ws/src/hyrian_foxy/hyrian_track/src/topic_sub_node.cpp:148:7:[m[K [01;31m[Kerror: [m[Kâ€˜[01m[Kcmd_vel_msg[m[Kâ€™ was not declared in this scope
       [01;31m[Kcmd_vel_msg[m[K.linear.x = 0.0;
       [01;31m[K^~~~~~~~~~~[m[K
[01m[K/home/jetson/robot_ws/src/hyrian_foxy/hyrian_track/src/topic_sub_node.cpp:151:7:[m[K [01;31m[Kerror: [m[Kâ€˜[01m[Kpublisher_cmd_vel_[m[Kâ€™ was not declared in this scope
       [01;31m[Kpublisher_cmd_vel_[m[K->publish(cmd_vel_msg);
       [01;31m[K^~~~~~~~~~~~~~~~~~[m[K
[01m[K/home/jetson/robot_ws/src/hyrian_foxy/hyrian_track/src/topic_sub_node.cpp:151:7:[m[K [01;36m[Knote: [m[Ksuggested alternative: â€˜[01m[Krcl_publisher_is_valid[m[Kâ€™
       [01;36m[Kpublisher_cmd_vel_[m[K->publish(cmd_vel_msg);
       [01;36m[K^~~~~~~~~~~~~~~~~~[m[K
       [32m[Krcl_publisher_is_valid[m[K
[01m[K/home/jetson/robot_ws/src/hyrian_foxy/hyrian_track/src/topic_sub_node.cpp:152:7:[m[K [01;31m[Kerror: [m[Kâ€˜[01m[Kpublisher_stop_[m[Kâ€™ was not declared in this scope
       [01;31m[Kpublisher_stop_[m[K->publish(stop_msg);
       [01;31m[K^~~~~~~~~~~~~~~[m[K
[01m[K/home/jetson/robot_ws/src/hyrian_foxy/hyrian_track/src/topic_sub_node.cpp:[m[K At global scope:
[01m[K/home/jetson/robot_ws/src/hyrian_foxy/hyrian_track/src/topic_sub_node.cpp:164:1:[m[K [01;31m[Kerror: [m[Kexpected declaration before â€˜[01m[K}[m[Kâ€™ token
 [01;31m[K}[m[K;
 [01;31m[K^[m[K
make[2]: *** [CMakeFiles/hyrian_track.dir/build.make:63: CMakeFiles/hyrian_track.dir/src/topic_sub_node.cpp.o] Error 1
make[1]: *** [CMakeFiles/Makefile2:78: CMakeFiles/hyrian_track.dir/all] Error 2
make: *** [Makefile:141: all] Error 2
